<?xml version="1.0" encoding="UTF-8"?>
<!-- Generated by org.testng.reporters.JUnitReportReporter -->
<testsuite hostname="JankiRaghuram" failures="0" tests="2" name="testing.test" time="348.582" errors="0" timestamp="20 Dec 2020 06:00:50 GMT" skipped="0">
  <testcase classname="testing.test" name="testlaunch" time="86.065"/>
  <testcase classname="testing.test" name="testlaunch" time="262.517"/>
</testsuite> <!-- testing.test -->
