<?xml version="1.0" encoding="UTF-8"?>
<!-- Generated by org.testng.reporters.JUnitReportReporter -->
<testsuite hostname="JankiRaghuram" failures="0" tests="2" name="testing.test" time="1635.329" errors="0" timestamp="20 Dec 2020 08:11:54 GMT" skipped="0">
  <testcase classname="testing.test" name="testlaunch" time="1627.452"/>
  <testcase classname="testing.test" name="testlaunch" time="7.877"/>
</testsuite> <!-- testing.test -->
